<?xml version='1.0' encoding='UTF-8'?>
<testsuite hostname="DESKTOP-5R13644" name="funsets.FunSetSuite" tests="3" errors="0" failures="0" skipped="1" time="0.572" timestamp="2020-12-07T22:32:29">
                     <properties>
[...]
</properties>
                     <testcase classname="funsets.FunSetSuite" name="singleton set one contains one" time="0.0">
                                                 <skipped/>
                                               </testcase><testcase classname="funsets.FunSetSuite" name="union contains all elements of each set" time="0.534">
                                                 
                                               </testcase><testcase classname="funsets.FunSetSuite" name="contains is implemented" time="0.038">
                                                 
                                               </testcase>
                     <system-out><![CDATA[]]></system-out>
                     <system-err><![CDATA[]]></system-err>
                   </testsuite>